+------------------------------------------------------------------------------------------------------------------------------------------------------------------------------------------------------------------------------------------------------------------------------------------------------------------------------------------------------------------------+
|QUERY PLAN                                                                                                                                                                                                                                                                                                                                                              |
+------------------------------------------------------------------------------------------------------------------------------------------------------------------------------------------------------------------------------------------------------------------------------------------------------------------------------------------------------------------------+
|Limit  (cost=4975335.63..5294476.19 rows=2 width=480)                                                                                                                                                                                                                                                                                                                   |
|  CTE store_total                                                                                                                                                                                                                                                                                                                                                       |
|    ->  Finalize GroupAggregate  (cost=1300675.26..2477976.70 rows=7884824 width=255)                                                                                                                                                                                                                                                                                   |
|          Group Key: customer.c_customer_id, customer.c_first_name, customer.c_last_name, customer.c_preferred_cust_flag, customer.c_birth_country, customer.c_login, customer.c_email_address, date_dim.d_year                                                                                                                                                         |
|          ->  Gather Merge  (cost=1300675.26..2215149.25 rows=6570686 width=223)                                                                                                                                                                                                                                                                                        |
|                Workers Planned: 2                                                                                                                                                                                                                                                                                                                                      |
|                ->  Partial GroupAggregate  (cost=1299675.24..1455729.03 rows=3285343 width=223)                                                                                                                                                                                                                                                                        |
|                      Group Key: customer.c_customer_id, customer.c_first_name, customer.c_last_name, customer.c_preferred_cust_flag, customer.c_birth_country, customer.c_login, customer.c_email_address, date_dim.d_year                                                                                                                                             |
|                      ->  Sort  (cost=1299675.24..1307888.59 rows=3285343 width=213)                                                                                                                                                                                                                                                                                    |
|                            Sort Key: customer.c_customer_id, customer.c_first_name, customer.c_last_name, customer.c_preferred_cust_flag, customer.c_birth_country, customer.c_login, customer.c_email_address, date_dim.d_year                                                                                                                                        |
|                            ->  Parallel Hash Join  (cost=11587.32..270319.07 rows=3285343 width=213)                                                                                                                                                                                                                                                                   |
|                                  Hash Cond: (store_sales.ss_customer_sk = customer.c_customer_sk)                                                                                                                                                                                                                                                                      |
|                                  ->  Parallel Hash Join  (cost=2390.82..203054.07 rows=3436312 width=30)                                                                                                                                                                                                                                                               |
|                                        Hash Cond: (store_sales.ss_sold_date_sk = date_dim.d_date_sk)                                                                                                                                                                                                                                                                   |
|                                        ->  Parallel Seq Scan on store_sales  (cost=0.00..191213.40 rows=3599740 width=30)                                                                                                                                                                                                                                              |
|                                        ->  Parallel Hash  (cost=1853.70..1853.70 rows=42970 width=8)                                                                                                                                                                                                                                                                   |
|                                              ->  Parallel Seq Scan on date_dim  (cost=0.00..1853.70 rows=42970 width=8)                                                                                                                                                                                                                                                |
|                                  ->  Parallel Hash  (cost=6151.33..6151.33 rows=78333 width=191)                                                                                                                                                                                                                                                                       |
|                                        ->  Parallel Seq Scan on customer  (cost=0.00..6151.33 rows=78333 width=191)                                                                                                                                                                                                                                                    |
|  CTE catalog_total                                                                                                                                                                                                                                                                                                                                                     |
|    ->  Finalize GroupAggregate  (cost=732177.38..1370144.35 rows=4272701 width=255)                                                                                                                                                                                                                                                                                    |
|          Group Key: customer_1.c_customer_id, customer_1.c_first_name, customer_1.c_last_name, customer_1.c_preferred_cust_flag, customer_1.c_birth_country, customer_1.c_login, customer_1.c_email_address, date_dim_1.d_year                                                                                                                                         |
|          ->  Gather Merge  (cost=732177.38..1227720.99 rows=3560584 width=223)                                                                                                                                                                                                                                                                                         |
|                Workers Planned: 2                                                                                                                                                                                                                                                                                                                                      |
|                ->  Partial GroupAggregate  (cost=731177.36..815741.23 rows=1780292 width=223)                                                                                                                                                                                                                                                                          |
|                      Group Key: customer_1.c_customer_id, customer_1.c_first_name, customer_1.c_last_name, customer_1.c_preferred_cust_flag, customer_1.c_birth_country, customer_1.c_login, customer_1.c_email_address, date_dim_1.d_year                                                                                                                             |
|                      ->  Sort  (cost=731177.36..735628.09 rows=1780292 width=216)                                                                                                                                                                                                                                                                                      |
|                            Sort Key: customer_1.c_customer_id, customer_1.c_first_name, customer_1.c_last_name, customer_1.c_preferred_cust_flag, customer_1.c_birth_country, customer_1.c_login, customer_1.c_email_address, date_dim_1.d_year                                                                                                                        |
|                            ->  Parallel Hash Join  (cost=11587.32..181251.27 rows=1780292 width=216)                                                                                                                                                                                                                                                                   |
|                                  Hash Cond: (catalog_sales.cs_bill_customer_sk = customer_1.c_customer_sk)                                                                                                                                                                                                                                                             |
|                                  ->  Parallel Hash Join  (cost=2390.82..137312.77 rows=1790438 width=33)                                                                                                                                                                                                                                                               |
|                                        Hash Cond: (catalog_sales.cs_sold_date_sk = date_dim_1.d_date_sk)                                                                                                                                                                                                                                                               |
|                                        ->  Parallel Seq Scan on catalog_sales  (cost=0.00..130197.36 rows=1799736 width=33)                                                                                                                                                                                                                                            |
|                                        ->  Parallel Hash  (cost=1853.70..1853.70 rows=42970 width=8)                                                                                                                                                                                                                                                                   |
|                                              ->  Parallel Seq Scan on date_dim date_dim_1  (cost=0.00..1853.70 rows=42970 width=8)                                                                                                                                                                                                                                     |
|                                  ->  Parallel Hash  (cost=6151.33..6151.33 rows=78333 width=191)                                                                                                                                                                                                                                                                       |
|                                        ->  Parallel Seq Scan on customer customer_1  (cost=0.00..6151.33 rows=78333 width=191)                                                                                                                                                                                                                                         |
|  CTE web_total                                                                                                                                                                                                                                                                                                                                                         |
|    ->  Finalize GroupAggregate  (cost=372313.02..694712.64 rows=2159229 width=255)                                                                                                                                                                                                                                                                                     |
|          Group Key: customer_2.c_customer_id, customer_2.c_first_name, customer_2.c_last_name, customer_2.c_preferred_cust_flag, customer_2.c_birth_country, customer_2.c_login, customer_2.c_email_address, date_dim_2.d_year                                                                                                                                         |
|          ->  Gather Merge  (cost=372313.02..622738.33 rows=1799358 width=223)                                                                                                                                                                                                                                                                                          |
|                Workers Planned: 2                                                                                                                                                                                                                                                                                                                                      |
|                ->  Partial GroupAggregate  (cost=371312.99..414047.74 rows=899679 width=223)                                                                                                                                                                                                                                                                           |
|                      Group Key: customer_2.c_customer_id, customer_2.c_first_name, customer_2.c_last_name, customer_2.c_preferred_cust_flag, customer_2.c_birth_country, customer_2.c_login, customer_2.c_email_address, date_dim_2.d_year                                                                                                                             |
|                      ->  Sort  (cost=371312.99..373562.19 rows=899679 width=216)                                                                                                                                                                                                                                                                                       |
|                            Sort Key: customer_2.c_customer_id, customer_2.c_first_name, customer_2.c_last_name, customer_2.c_preferred_cust_flag, customer_2.c_birth_country, customer_2.c_login, customer_2.c_email_address, date_dim_2.d_year                                                                                                                        |
|                            ->  Parallel Hash Join  (cost=11587.32..97833.01 rows=899679 width=216)                                                                                                                                                                                                                                                                     |
|                                  Hash Cond: (web_sales.ws_bill_customer_sk = customer_2.c_customer_sk)                                                                                                                                                                                                                                                                 |
|                                  ->  Parallel Hash Join  (cost=2390.82..70146.33 rows=899859 width=33)                                                                                                                                                                                                                                                                 |
|                                        Hash Cond: (web_sales.ws_sold_date_sk = date_dim_2.d_date_sk)                                                                                                                                                                                                                                                                   |
|                                        ->  Parallel Seq Scan on web_sales  (cost=0.00..65392.69 rows=900069 width=33)                                                                                                                                                                                                                                                  |
|                                        ->  Parallel Hash  (cost=1853.70..1853.70 rows=42970 width=8)                                                                                                                                                                                                                                                                   |
|                                              ->  Parallel Seq Scan on date_dim date_dim_2  (cost=0.00..1853.70 rows=42970 width=8)                                                                                                                                                                                                                                     |
|                                  ->  Parallel Hash  (cost=6151.33..6151.33 rows=78333 width=191)                                                                                                                                                                                                                                                                       |
|                                        ->  Parallel Seq Scan on customer customer_2  (cost=0.00..6151.33 rows=78333 width=191)                                                                                                                                                                                                                                         |
|  ->  Incremental Sort  (cost=432501.94..751642.49 rows=2 width=480)                                                                                                                                                                                                                                                                                                    |
|        Sort Key: store_total_1.customer_id, store_total_1.customer_first_name, store_total_1.customer_last_name, store_total_1.customer_email_address                                                                                                                                                                                                                  |
|        Presorted Key: store_total_1.customer_id                                                                                                                                                                                                                                                                                                                        |
|        ->  Nested Loop  (cost=113361.45..751642.40 rows=1 width=480)                                                                                                                                                                                                                                                                                                   |
|              Join Filter: ((store_total.customer_id = store_total_1.customer_id) AND (CASE WHEN (catalog_total.year_total > '0'::numeric) THEN (catalog_total_1.year_total / catalog_total.year_total) ELSE NULL::numeric END > CASE WHEN (store_total.year_total > '0'::numeric) THEN (store_total_1.year_total / store_total.year_total) ELSE NULL::numeric END))    |
|              ->  Nested Loop  (cost=113361.45..534808.09 rows=1 width=848)                                                                                                                                                                                                                                                                                             |
|                    Join Filter: ((store_total_1.customer_id = catalog_total_1.customer_id) AND (CASE WHEN (catalog_total.year_total > '0'::numeric) THEN (catalog_total_1.year_total / catalog_total.year_total) ELSE NULL::numeric END > CASE WHEN (web_total.year_total > '0'::numeric) THEN (web_total_1.year_total / web_total.year_total) ELSE NULL::numeric END))|
|                    ->  Nested Loop  (cost=113361.45..427987.89 rows=1 width=812)                                                                                                                                                                                                                                                                                       |
|                          Join Filter: (store_total_1.customer_id = catalog_total.customer_id)                                                                                                                                                                                                                                                                          |
|                          ->  Nested Loop  (cost=113361.45..230864.83 rows=1 width=300)                                                                                                                                                                                                                                                                                 |
|                                Join Filter: (catalog_total.customer_id = web_total.customer_id)                                                                                                                                                                                                                                                                        |
|                                ->  Merge Join  (cost=113361.45..113361.86 rows=5 width=200)                                                                                                                                                                                                                                                                            |
|                                      Merge Cond: (web_total.customer_id = web_total_1.customer_id)                                                                                                                                                                                                                                                                     |
|                                      ->  Sort  (cost=59379.17..59379.22 rows=18 width=100)                                                                                                                                                                                                                                                                             |
|                                            Sort Key: web_total.customer_id                                                                                                                                                                                                                                                                                             |
|                                            ->  CTE Scan on web_total  (cost=0.00..59378.80 rows=18 width=100)                                                                                                                                                                                                                                                          |
|                                                  Filter: ((year_total > '0'::numeric) AND (dyear = 2001) AND (sale_type = 'w'::text))                                                                                                                                                                                                                                  |
|                                      ->  Sort  (cost=53982.28..53982.41 rows=54 width=100)                                                                                                                                                                                                                                                                             |
|                                            Sort Key: web_total_1.customer_id                                                                                                                                                                                                                                                                                           |
|                                            ->  CTE Scan on web_total web_total_1  (cost=0.00..53980.73 rows=54 width=100)                                                                                                                                                                                                                                              |
|                                                  Filter: ((dyear = 2002) AND (sale_type = 'w'::text))                                                                                                                                                                                                                                                                  |
|                                ->  CTE Scan on catalog_total  (cost=0.00..117499.28 rows=36 width=100)                                                                                                                                                                                                                                                                 |
|                                      Filter: ((year_total > '0'::numeric) AND (dyear = 2001) AND (sale_type = 'c'::text))                                                                                                                                                                                                                                              |
|                          ->  CTE Scan on store_total store_total_1  (cost=0.00..197120.60 rows=197 width=512)                                                                                                                                                                                                                                                          |
|                                Filter: ((sale_type = 's'::text) AND (dyear = 2002))                                                                                                                                                                                                                                                                                    |
|                    ->  CTE Scan on catalog_total catalog_total_1  (cost=0.00..106817.53 rows=107 width=100)                                                                                                                                                                                                                                                            |
|                          Filter: ((dyear = 2002) AND (sale_type = 'c'::text))                                                                                                                                                                                                                                                                                          |
|              ->  CTE Scan on store_total  (cost=0.00..216832.66 rows=66 width=100)                                                                                                                                                                                                                                                                                     |
|                    Filter: ((year_total > '0'::numeric) AND (sale_type = 's'::text) AND (dyear = 2001))                                                                                                                                                                                                                                                                |
+------------------------------------------------------------------------------------------------------------------------------------------------------------------------------------------------------------------------------------------------------------------------------------------------------------------------------------------------------------------------+
